{"/Users/niyomwungeri/MyApps/titan-dev-ah-frontend/src/views/Home.js": {"path":"/Users/niyomwungeri/MyApps/titan-dev-ah-frontend/src/views/Home.js","statementMap":{"0":{"start":{"line":5,"column":4},"end":{"line":9,"column":6}}},"fnMap":{"0":{"name":"(anonymous_0)","decl":{"start":{"line":4,"column":2},"end":{"line":4,"column":3}},"loc":{"start":{"line":4,"column":11},"end":{"line":10,"column":3}},"line":4}},"branchMap":{},"s":{"0":1},"f":{"0":1},"b":{},"_coverageSchema":"43e27e138ebf9cfc5966b082cf9a028302ed4184","hash":"2c1b3cef7a97670e0973dda72283e2eca9e3d35b"}
}
